Build started 10.5.2017 13:17:51.
     1>Project "C:\Users\Simon\Downloads\FreeRTOS_v9.0.1\160919_FreeRTOS_Labs\FreeRTOS-Plus\Demo\FreeRTOS_Plus_TCP_and_FAT_Windows_Simulator\WIN32.vcxproj" on node 2 (Rebuild target(s)).
     1>ClCompile:
         C:\Program Files (x86)\Microsoft Visual Studio 14.0\VC\bin\CL.exe /c /I.\Canny /I..\Common\FreeRTOS_Plus_CLI_Demos\include /I..\Common\FreeRTOS_Plus_TCP_Demos\include /I"..\..\Source\FreeRTOS-Plus-FAT\include" /I"..\..\Source\FreeRTOS-Plus-FAT\portable\common" /I"..\..\Source\FreeRTOS-Plus-TCP\protocols\include" /I"..\..\Source\FreeRTOS-Plus-TCP\portable\BufferManagement" /I.\DemoTasks\include /I"..\..\Source\FreeRTOS-Plus-TCP\portable\Compiler\MSVC" /I.\WinPCap /I..\..\..\FreeRTOS\Source\include /I"..\..\..\FreeRTOS\Source\portable\MSVC-MingW" /I"..\..\Source\FreeRTOS-Plus-CLI" /I.\TraceMacros\Example1 /I"..\..\Source\FreeRTOS-Plus-TCP\include" /I. /ZI /nologo /W4 /WX- /Od /Oy- /D WIN32 /D _DEBUG /D _CONSOLE /D _WIN32_WINNT=0x0500 /D WINVER=0x400 /D _CRT_SECURE_NO_WARNINGS /D _VC80_UPGRADE=0x0600 /D _MBCS /Gm /RTC1 /MD /GS /fp:precise /Zc:wchar_t /Zc:forScope /Zc:inline /Fo".\Debug/" /Fd".\Debug/vc140.pdb" /FR".\Debug\\" /Gd /TC /analyze- /errorReport:prompt /wd4210 /wd4127 /wd4214 /wd4201 /wd4244  /wd4310 ..\..\..\FreeRTOS\Source\event_groups.c ..\..\..\FreeRTOS\Source\list.c ..\..\..\FreeRTOS\Source\portable\MemMang\heap_4.c "..\..\..\FreeRTOS\Source\portable\MSVC-MingW\port.c" ..\..\..\FreeRTOS\Source\queue.c ..\..\..\FreeRTOS\Source\tasks.c ..\..\..\FreeRTOS\Source\timers.c "..\..\Source\FreeRTOS-Plus-CLI\FreeRTOS_CLI.c" "..\..\Source\FreeRTOS-Plus-FAT\ff_crc.c" "..\..\Source\FreeRTOS-Plus-FAT\ff_dir.c" "..\..\Source\FreeRTOS-Plus-FAT\ff_error.c" "..\..\Source\FreeRTOS-Plus-FAT\ff_fat.c" "..\..\Source\FreeRTOS-Plus-FAT\ff_file.c" "..\..\Source\FreeRTOS-Plus-FAT\ff_format.c" "..\..\Source\FreeRTOS-Plus-FAT\ff_ioman.c" "..\..\Source\FreeRTOS-Plus-FAT\ff_locking.c" "..\..\Source\FreeRTOS-Plus-FAT\ff_memory.c" "..\..\Source\FreeRTOS-Plus-FAT\ff_stdio.c" "..\..\Source\FreeRTOS-Plus-FAT\ff_string.c" "..\..\Source\FreeRTOS-Plus-FAT\ff_sys.c" "..\..\Source\FreeRTOS-Plus-FAT\ff_time.c" "..\..\Source\FreeRTOS-Plus-FAT\portable\common\ff_ramdisk.c" "..\..\Source\FreeRTOS-Plus-TCP\FreeRTOS_ARP.c" "..\..\Source\FreeRTOS-Plus-TCP\FreeRTOS_DHCP.c" "..\..\Source\FreeRTOS-Plus-TCP\FreeRTOS_DNS.c" "..\..\Source\FreeRTOS-Plus-TCP\FreeRTOS_IP.c" "..\..\Source\FreeRTOS-Plus-TCP\FreeRTOS_Sockets.c" "..\..\Source\FreeRTOS-Plus-TCP\FreeRTOS_Stream_Buffer.c" "..\..\Source\FreeRTOS-Plus-TCP\FreeRTOS_TCP_IP.c" "..\..\Source\FreeRTOS-Plus-TCP\FreeRTOS_TCP_WIN.c" "..\..\Source\FreeRTOS-Plus-TCP\FreeRTOS_UDP_IP.c" "..\..\Source\FreeRTOS-Plus-TCP\portable\BufferManagement\BufferAllocation_2.c" "..\..\Source\FreeRTOS-Plus-TCP\portable\NetworkInterface\WinPCap\NetworkInterface.c" "..\..\Source\FreeRTOS-Plus-TCP\protocols\Common\FreeRTOS_TCP_server.c" "..\..\Source\FreeRTOS-Plus-TCP\protocols\FTP\FreeRTOS_FTP_commands.c" "..\..\Source\FreeRTOS-Plus-TCP\protocols\FTP\FreeRTOS_FTP_server.c" "..\..\Source\FreeRTOS-Plus-TCP\protocols\HTTP\FreeRTOS_HTTP_commands.c" "..\..\Source\FreeRTOS-Plus-TCP\protocols\HTTP\FreeRTOS_HTTP_server.c" "..\Common\FreeRTOS_Plus_CLI_Demos\File-related-CLI-commands.c" ..\Common\FreeRTOS_Plus_CLI_Demos\TCPCommandConsole.c ..\Common\FreeRTOS_Plus_CLI_Demos\UDPCommandConsole.c ..\Common\FreeRTOS_Plus_FAT_Demos\CreateAndVerifyExampleFiles.c ..\Common\FreeRTOS_Plus_FAT_Demos\test\ff_stdio_tests_with_cwd.c ..\Common\FreeRTOS_Plus_TCP_Demos\TFTPServer.c Canny\canny.c "CLI-commands.c" DemoTasks\TCPEchoClient_SeparateTasks.c DemoTasks\TCPEchoClient_SingleTasks.c DemoTasks\TwoUDPEchoClients.c DemoTasks\UDPSelectServer.c DemoTasks\SimpleUDPClientAndServer.c DemoTasks\SimpleTCPEchoServer.c demo_logging.c main.c "Run-time-stats-utils.c" TraceMacros\Example1\DemoIPTrace.c
         DemoIPTrace.c
         Run-time-stats-utils.c
         main.c
     1>c:\users\simon\downloads\freertos_v9.0.1\160919_freertos_labs\freertos-plus\demo\freertos_plus_tcp_and_fat_windows_simulator\main.c(386): warning C4133: '=': incompatible types - from 'pixel_t *' to 'uint8_t *'
     1>c:\users\simon\downloads\freertos_v9.0.1\160919_freertos_labs\freertos-plus\demo\freertos_plus_tcp_and_fat_windows_simulator\main.c(368): warning C4101: 'xBindAddress': unreferenced local variable
     1>c:\users\simon\downloads\freertos_v9.0.1\160919_freertos_labs\freertos-plus\demo\freertos_plus_tcp_and_fat_windows_simulator\main.c(503): warning C4113: 'void (__cdecl *)()' differs in parameter lists from 'TaskFunction_t'
         demo_logging.c
         SimpleTCPEchoServer.c
         SimpleUDPClientAndServer.c
         UDPSelectServer.c
         TwoUDPEchoClients.c
         TCPEchoClient_SingleTasks.c
         TCPEchoClient_SeparateTasks.c
         CLI-commands.c
         canny.c
     1>c:\users\simon\downloads\freertos_v9.0.1\160919_freertos_labs\freertos-plus\demo\freertos_plus_tcp_and_fat_windows_simulator\canny\canny.c(134): warning C4018: '<': signed/unsigned mismatch
     1>c:\users\simon\downloads\freertos_v9.0.1\160919_freertos_labs\freertos-plus\demo\freertos_plus_tcp_and_fat_windows_simulator\canny\canny.c(135): warning C4018: '<': signed/unsigned mismatch
     1>c:\users\simon\downloads\freertos_v9.0.1\160919_freertos_labs\freertos-plus\demo\freertos_plus_tcp_and_fat_windows_simulator\canny\canny.c(204): warning C4018: '<': signed/unsigned mismatch
     1>c:\users\simon\downloads\freertos_v9.0.1\160919_freertos_labs\freertos-plus\demo\freertos_plus_tcp_and_fat_windows_simulator\canny\canny.c(205): warning C4018: '<': signed/unsigned mismatch
     1>c:\users\simon\downloads\freertos_v9.0.1\160919_freertos_labs\freertos-plus\demo\freertos_plus_tcp_and_fat_windows_simulator\canny\canny.c(177): warning C4204: nonstandard extension used: non-constant aggregate initializer
     1>c:\users\simon\downloads\freertos_v9.0.1\160919_freertos_labs\freertos-plus\demo\freertos_plus_tcp_and_fat_windows_simulator\canny\canny.c(190): warning C4204: nonstandard extension used: non-constant aggregate initializer
     1>c:\users\simon\downloads\freertos_v9.0.1\160919_freertos_labs\freertos-plus\demo\freertos_plus_tcp_and_fat_windows_simulator\canny\canny.c(481): warning C4189: 'counter': local variable is initialized but not referenced
     1>c:\users\simon\downloads\freertos_v9.0.1\160919_freertos_labs\freertos-plus\demo\freertos_plus_tcp_and_fat_windows_simulator\canny\canny.c(468): warning C4101: 'i': unreferenced local variable
         TFTPServer.c
         ff_stdio_tests_with_cwd.c
         CreateAndVerifyExampleFiles.c
         UDPCommandConsole.c
         TCPCommandConsole.c
         File-related-CLI-commands.c
         FreeRTOS_HTTP_server.c
         FreeRTOS_HTTP_commands.c
         Generating Code...
     1>c:\users\simon\downloads\freertos_v9.0.1\160919_freertos_labs\freertos-plus\demo\freertos_plus_tcp_and_fat_windows_simulator\canny\canny.c(458): warning C4701: potentially uninitialized local variable 'in_bitmap_data' used
     1>c:\users\simon\downloads\freertos_v9.0.1\160919_freertos_labs\freertos-plus\demo\freertos_plus_tcp_and_fat_windows_simulator\canny\canny.c(458): warning C4703: potentially uninitialized local pointer variable 'in_bitmap_data' used
         Compiling...
         FreeRTOS_FTP_server.c
         FreeRTOS_FTP_commands.c
         FreeRTOS_TCP_server.c
         NetworkInterface.c
         BufferAllocation_2.c
         FreeRTOS_UDP_IP.c
         FreeRTOS_TCP_WIN.c
         FreeRTOS_TCP_IP.c
         FreeRTOS_Stream_Buffer.c
         FreeRTOS_Sockets.c
         FreeRTOS_IP.c
         FreeRTOS_DNS.c
         FreeRTOS_DHCP.c
         FreeRTOS_ARP.c
         ff_ramdisk.c
         ff_time.c
         ff_sys.c
         ff_string.c
         ff_stdio.c
         ff_memory.c
         Generating Code...
     1>c:\users\simon\downloads\freertos_v9.0.1\160919_freertos_labs\freertos-plus\source\freertos-plus-fat\ff_stdio.c(1131): warning C4701: potentially uninitialized local variable 'xDirEntry' used
         Compiling...
         ff_locking.c
         ff_ioman.c
         ff_format.c
         ff_file.c
         ff_fat.c
         ff_error.c
         ff_dir.c
         ff_crc.c
         FreeRTOS_CLI.c
         timers.c
         tasks.c
         queue.c
         port.c
         heap_4.c
         list.c
         event_groups.c
         Generating Code...
     1>c:\users\simon\downloads\freertos_v9.0.1\160919_freertos_labs\freertos-plus\source\freertos-plus-fat\ff_file.c(386): warning C4701: potentially uninitialized local variable 'xDirEntry' used
       Link:
         C:\Program Files (x86)\Microsoft Visual Studio 14.0\VC\bin\link.exe /ERRORREPORT:PROMPT /OUT:".\Debug/RTOSDemo.exe" /INCREMENTAL /NOLOGO /LIBPATH:.\WinPCap wpcap.lib kernel32.lib user32.lib gdi32.lib winspool.lib comdlg32.lib advapi32.lib shell32.lib ole32.lib oleaut32.lib uuid.lib odbc32.lib odbccp32.lib /MANIFEST /MANIFESTUAC:"level='asInvoker' uiAccess='false'" /manifest:embed /Debug /PDB:".\Debug/WIN32.pdb" /SUBSYSTEM:CONSOLE /TLBID:1 /DYNAMICBASE /NXCOMPAT /IMPLIB:".\Debug\RTOSDemo.lib" /MACHINE:X86 /SAFESEH .\Debug/event_groups.obj
         .\Debug/list.obj
         .\Debug/heap_4.obj
         .\Debug/port.obj
         .\Debug/queue.obj
         .\Debug/tasks.obj
         .\Debug/timers.obj
         .\Debug/FreeRTOS_CLI.obj
         .\Debug/ff_crc.obj
         .\Debug/ff_dir.obj
         .\Debug/ff_error.obj
         .\Debug/ff_fat.obj
         .\Debug/ff_file.obj
         .\Debug/ff_format.obj
         .\Debug/ff_ioman.obj
         .\Debug/ff_locking.obj
         .\Debug/ff_memory.obj
         .\Debug/ff_stdio.obj
         .\Debug/ff_string.obj
         .\Debug/ff_sys.obj
         .\Debug/ff_time.obj
         .\Debug/ff_ramdisk.obj
         .\Debug/FreeRTOS_ARP.obj
         .\Debug/FreeRTOS_DHCP.obj
         .\Debug/FreeRTOS_DNS.obj
         .\Debug/FreeRTOS_IP.obj
         .\Debug/FreeRTOS_Sockets.obj
         .\Debug/FreeRTOS_Stream_Buffer.obj
         .\Debug/FreeRTOS_TCP_IP.obj
         .\Debug/FreeRTOS_TCP_WIN.obj
         .\Debug/FreeRTOS_UDP_IP.obj
         .\Debug/BufferAllocation_2.obj
         .\Debug/NetworkInterface.obj
         .\Debug/FreeRTOS_TCP_server.obj
         .\Debug/FreeRTOS_FTP_commands.obj
         .\Debug/FreeRTOS_FTP_server.obj
         .\Debug/FreeRTOS_HTTP_commands.obj
         .\Debug/FreeRTOS_HTTP_server.obj
         ".\Debug/File-related-CLI-commands.obj"
         .\Debug/TCPCommandConsole.obj
         .\Debug/UDPCommandConsole.obj
         .\Debug/CreateAndVerifyExampleFiles.obj
         .\Debug/ff_stdio_tests_with_cwd.obj
         .\Debug/TFTPServer.obj
         .\Debug/canny.obj
         ".\Debug/CLI-commands.obj"
         .\Debug/TCPEchoClient_SeparateTasks.obj
         .\Debug/TCPEchoClient_SingleTasks.obj
         .\Debug/TwoUDPEchoClients.obj
         .\Debug/UDPSelectServer.obj
         .\Debug/SimpleUDPClientAndServer.obj
         .\Debug/SimpleTCPEchoServer.obj
         .\Debug/demo_logging.obj
         .\Debug/main.obj
         ".\Debug/Run-time-stats-utils.obj"
         .\Debug/DemoIPTrace.obj
     1>event_groups.obj : warning LNK4075: ignoring '/EDITANDCONTINUE' due to '/SAFESEH' specification
         WIN32.vcxproj -> C:\Users\Simon\Downloads\FreeRTOS_v9.0.1\160919_FreeRTOS_Labs\FreeRTOS-Plus\Demo\FreeRTOS_Plus_TCP_and_FAT_Windows_Simulator\.\Debug\RTOSDemo.exe
       BscMake:
         C:\Program Files (x86)\Microsoft Visual Studio 14.0\VC\bin\bscmake.exe /nologo /o".\Debug/WIN32.bsc" .\Debug\event_groups.sbr .\Debug\list.sbr .\Debug\heap_4.sbr .\Debug\port.sbr .\Debug\queue.sbr .\Debug\tasks.sbr .\Debug\timers.sbr .\Debug\FreeRTOS_CLI.sbr .\Debug\ff_crc.sbr .\Debug\ff_dir.sbr .\Debug\ff_error.sbr .\Debug\ff_fat.sbr .\Debug\ff_file.sbr .\Debug\ff_format.sbr .\Debug\ff_ioman.sbr .\Debug\ff_locking.sbr .\Debug\ff_memory.sbr .\Debug\ff_stdio.sbr .\Debug\ff_string.sbr .\Debug\ff_sys.sbr .\Debug\ff_time.sbr .\Debug\ff_ramdisk.sbr .\Debug\FreeRTOS_ARP.sbr .\Debug\FreeRTOS_DHCP.sbr .\Debug\FreeRTOS_DNS.sbr .\Debug\FreeRTOS_IP.sbr .\Debug\FreeRTOS_Sockets.sbr .\Debug\FreeRTOS_Stream_Buffer.sbr .\Debug\FreeRTOS_TCP_IP.sbr .\Debug\FreeRTOS_TCP_WIN.sbr .\Debug\FreeRTOS_UDP_IP.sbr .\Debug\BufferAllocation_2.sbr .\Debug\NetworkInterface.sbr .\Debug\FreeRTOS_TCP_server.sbr .\Debug\FreeRTOS_FTP_commands.sbr .\Debug\FreeRTOS_FTP_server.sbr .\Debug\FreeRTOS_HTTP_commands.sbr .\Debug\FreeRTOS_HTTP_server.sbr ".\Debug\File-related-CLI-commands.sbr" .\Debug\TCPCommandConsole.sbr .\Debug\UDPCommandConsole.sbr .\Debug\CreateAndVerifyExampleFiles.sbr .\Debug\ff_stdio_tests_with_cwd.sbr .\Debug\TFTPServer.sbr .\Debug\canny.sbr ".\Debug\CLI-commands.sbr" .\Debug\TCPEchoClient_SeparateTasks.sbr .\Debug\TCPEchoClient_SingleTasks.sbr .\Debug\TwoUDPEchoClients.sbr .\Debug\UDPSelectServer.sbr .\Debug\SimpleUDPClientAndServer.sbr .\Debug\SimpleTCPEchoServer.sbr .\Debug\demo_logging.sbr .\Debug\main.sbr ".\Debug\Run-time-stats-utils.sbr" .\Debug\DemoIPTrace.sbr
     1>Done Building Project "C:\Users\Simon\Downloads\FreeRTOS_v9.0.1\160919_FreeRTOS_Labs\FreeRTOS-Plus\Demo\FreeRTOS_Plus_TCP_and_FAT_Windows_Simulator\WIN32.vcxproj" (Rebuild target(s)).

Build succeeded.

Time Elapsed 00:00:35.19
