Build started 28.3.2017 10:09:31.
     1>Project "C:\Users\Simon\Downloads\FreeRTOS_v9.0.1\160919_FreeRTOS_Labs\FreeRTOS-Plus\Demo\FreeRTOS_Plus_TCP_and_FAT_Windows_Simulator\WIN32.vcxproj" on node 2 (Build target(s)).
     1>ClCompile:
         C:\Program Files (x86)\Microsoft Visual Studio 14.0\VC\bin\CL.exe /c /I..\Common\Utils /I"..\Common\ethernet\lwip-1.4.0\ports\win32\WinPCap" /I"..\Common\ethernet\lwip-1.4.0\src\include\ipv4" /I"..\Common\ethernet\lwip-1.4.0\src\include" /I..\..\Source\include /I"..\..\Source\portable\MSVC-MingW" /I"..\Common\ethernet\lwip-1.4.0\ports\win32\include" /I..\Common\Include /I.\lwIP_Apps /I. /Zi /nologo /W3 /WX- /O2 /Ob1 /Oy- /D _WINSOCKAPI_ /D WIN32 /D NDEBUG /D _CONSOLE /D _CRT_SECURE_NO_WARNINGS /D _VC80_UPGRADE=0x0600 /D _MBCS /GF /Gm- /EHsc /MT /GS /Gy /fp:precise /Zc:wchar_t /Zc:forScope /Zc:inline /Fo".\Release/" /Fd".\Release/vc140.pdb" /Gd /TC /analyze- /errorReport:prompt ..\..\..\FreeRTOS\Source\event_groups.c ..\..\..\FreeRTOS\Source\list.c ..\..\..\FreeRTOS\Source\portable\MemMang\heap_4.c "..\..\..\FreeRTOS\Source\portable\MSVC-MingW\port.c" ..\..\..\FreeRTOS\Source\queue.c ..\..\..\FreeRTOS\Source\tasks.c ..\..\..\FreeRTOS\Source\timers.c "..\..\Source\FreeRTOS-Plus-CLI\FreeRTOS_CLI.c" "..\..\Source\FreeRTOS-Plus-FAT\ff_crc.c" "..\..\Source\FreeRTOS-Plus-FAT\ff_dir.c" "..\..\Source\FreeRTOS-Plus-FAT\ff_error.c" "..\..\Source\FreeRTOS-Plus-FAT\ff_fat.c" "..\..\Source\FreeRTOS-Plus-FAT\ff_file.c" "..\..\Source\FreeRTOS-Plus-FAT\ff_format.c" "..\..\Source\FreeRTOS-Plus-FAT\ff_ioman.c" "..\..\Source\FreeRTOS-Plus-FAT\ff_locking.c" "..\..\Source\FreeRTOS-Plus-FAT\ff_memory.c" "..\..\Source\FreeRTOS-Plus-FAT\ff_stdio.c" "..\..\Source\FreeRTOS-Plus-FAT\ff_string.c" "..\..\Source\FreeRTOS-Plus-FAT\ff_sys.c" "..\..\Source\FreeRTOS-Plus-FAT\ff_time.c" "..\..\Source\FreeRTOS-Plus-FAT\portable\common\ff_ramdisk.c" "..\..\Source\FreeRTOS-Plus-TCP\FreeRTOS_ARP.c" "..\..\Source\FreeRTOS-Plus-TCP\FreeRTOS_DHCP.c" "..\..\Source\FreeRTOS-Plus-TCP\FreeRTOS_DNS.c" "..\..\Source\FreeRTOS-Plus-TCP\FreeRTOS_IP.c" "..\..\Source\FreeRTOS-Plus-TCP\FreeRTOS_Sockets.c" "..\..\Source\FreeRTOS-Plus-TCP\FreeRTOS_Stream_Buffer.c" "..\..\Source\FreeRTOS-Plus-TCP\FreeRTOS_TCP_IP.c" "..\..\Source\FreeRTOS-Plus-TCP\FreeRTOS_TCP_WIN.c" "..\..\Source\FreeRTOS-Plus-TCP\FreeRTOS_UDP_IP.c" "..\..\Source\FreeRTOS-Plus-TCP\portable\BufferManagement\BufferAllocation_2.c" "..\..\Source\FreeRTOS-Plus-TCP\portable\NetworkInterface\WinPCap\NetworkInterface.c" "..\..\Source\FreeRTOS-Plus-TCP\protocols\Common\FreeRTOS_TCP_server.c" "..\..\Source\FreeRTOS-Plus-TCP\protocols\FTP\FreeRTOS_FTP_commands.c" "..\..\Source\FreeRTOS-Plus-TCP\protocols\FTP\FreeRTOS_FTP_server.c" "..\..\Source\FreeRTOS-Plus-TCP\protocols\HTTP\FreeRTOS_HTTP_commands.c" "..\..\Source\FreeRTOS-Plus-TCP\protocols\HTTP\FreeRTOS_HTTP_server.c" "..\Common\FreeRTOS_Plus_CLI_Demos\File-related-CLI-commands.c" ..\Common\FreeRTOS_Plus_CLI_Demos\TCPCommandConsole.c ..\Common\FreeRTOS_Plus_CLI_Demos\UDPCommandConsole.c ..\Common\FreeRTOS_Plus_FAT_Demos\CreateAndVerifyExampleFiles.c ..\Common\FreeRTOS_Plus_FAT_Demos\test\ff_stdio_tests_with_cwd.c ..\Common\FreeRTOS_Plus_TCP_Demos\TFTPServer.c "CLI-commands.c" DemoTasks\TCPEchoClient_SeparateTasks.c DemoTasks\TCPEchoClient_SingleTasks.c DemoTasks\TwoUDPEchoClients.c DemoTasks\UDPSelectServer.c DemoTasks\SimpleUDPClientAndServer.c DemoTasks\SimpleTCPEchoServer.c demo_logging.c main.c "Run-time-stats-utils.c" TraceMacros\Example1\DemoIPTrace.c
         event_groups.c
     1>..\..\..\FreeRTOS\Source\event_groups.c(79): fatal error C1083: Cannot open include file: 'FreeRTOS.h': No such file or directory
         list.c
     1>..\..\..\FreeRTOS\Source\list.c(72): fatal error C1083: Cannot open include file: 'FreeRTOS.h': No such file or directory
         heap_4.c
     1>..\..\..\FreeRTOS\Source\portable\MemMang\heap_4.c(85): fatal error C1083: Cannot open include file: 'FreeRTOS.h': No such file or directory
         port.c
     1>..\..\..\FreeRTOS\Source\portable\MSVC-MingW\port.c(74): fatal error C1083: Cannot open include file: 'FreeRTOS.h': No such file or directory
         queue.c
     1>..\..\..\FreeRTOS\Source\queue.c(78): fatal error C1083: Cannot open include file: 'FreeRTOS.h': No such file or directory
         tasks.c
     1>..\..\..\FreeRTOS\Source\tasks.c(80): fatal error C1083: Cannot open include file: 'FreeRTOS.h': No such file or directory
         timers.c
     1>..\..\..\FreeRTOS\Source\timers.c(78): fatal error C1083: Cannot open include file: 'FreeRTOS.h': No such file or directory
         FreeRTOS_CLI.c
     1>..\..\Source\FreeRTOS-Plus-CLI\FreeRTOS_CLI.c(48): fatal error C1083: Cannot open include file: 'FreeRTOS.h': No such file or directory
         ff_crc.c
     1>..\..\Source\FreeRTOS-Plus-FAT\ff_crc.c(65): fatal error C1083: Cannot open include file: 'ff_headers.h': No such file or directory
         ff_dir.c
     1>..\..\Source\FreeRTOS-Plus-FAT\ff_dir.c(66): fatal error C1083: Cannot open include file: 'ff_headers.h': No such file or directory
         ff_error.c
     1>..\..\Source\FreeRTOS-Plus-FAT\ff_error.c(70): fatal error C1083: Cannot open include file: 'ff_headers.h': No such file or directory
         ff_fat.c
     1>..\..\Source\FreeRTOS-Plus-FAT\ff_fat.c(66): fatal error C1083: Cannot open include file: 'ff_headers.h': No such file or directory
         ff_file.c
     1>..\..\Source\FreeRTOS-Plus-FAT\ff_file.c(66): fatal error C1083: Cannot open include file: 'ff_headers.h': No such file or directory
         ff_format.c
     1>..\..\Source\FreeRTOS-Plus-FAT\ff_format.c(65): fatal error C1083: Cannot open include file: 'ff_headers.h': No such file or directory
         ff_ioman.c
     1>..\..\Source\FreeRTOS-Plus-FAT\ff_ioman.c(71): fatal error C1083: Cannot open include file: 'ff_headers.h': No such file or directory
         ff_locking.c
     1>..\..\Source\FreeRTOS-Plus-FAT\ff_locking.c(61): fatal error C1083: Cannot open include file: 'FreeRTOS.h': No such file or directory
         ff_memory.c
     1>..\..\Source\FreeRTOS-Plus-FAT\ff_memory.c(71): fatal error C1083: Cannot open include file: 'ff_headers.h': No such file or directory
         ff_stdio.c
     1>..\..\Source\FreeRTOS-Plus-FAT\ff_stdio.c(57): fatal error C1083: Cannot open include file: 'FreeRTOS.h': No such file or directory
         ff_string.c
     1>..\..\Source\FreeRTOS-Plus-FAT\ff_string.c(70): fatal error C1083: Cannot open include file: 'ff_headers.h': No such file or directory
         ff_sys.c
     1>..\..\Source\FreeRTOS-Plus-FAT\ff_sys.c(60): fatal error C1083: Cannot open include file: 'FreeRTOS.h': No such file or directory
         Generating Code...
         Compiling...
         ff_time.c
     1>..\..\Source\FreeRTOS-Plus-FAT\ff_time.c(60): fatal error C1083: Cannot open include file: 'FreeRTOS.h': No such file or directory
         ff_ramdisk.c
     1>..\..\Source\FreeRTOS-Plus-FAT\portable\common\ff_ramdisk.c(63): fatal error C1083: Cannot open include file: 'FreeRTOS.h': No such file or directory
         FreeRTOS_ARP.c
     1>..\..\Source\FreeRTOS-Plus-TCP\FreeRTOS_ARP.c(63): fatal error C1083: Cannot open include file: 'FreeRTOS.h': No such file or directory
         FreeRTOS_DHCP.c
     1>..\..\Source\FreeRTOS-Plus-TCP\FreeRTOS_DHCP.c(62): fatal error C1083: Cannot open include file: 'FreeRTOS.h': No such file or directory
         FreeRTOS_DNS.c
     1>..\..\Source\FreeRTOS-Plus-TCP\FreeRTOS_DNS.c(62): fatal error C1083: Cannot open include file: 'FreeRTOS.h': No such file or directory
         FreeRTOS_IP.c
     1>..\..\Source\FreeRTOS-Plus-TCP\FreeRTOS_IP.c(64): fatal error C1083: Cannot open include file: 'FreeRTOS.h': No such file or directory
         FreeRTOS_Sockets.c
     1>..\..\Source\FreeRTOS-Plus-TCP\FreeRTOS_Sockets.c(63): fatal error C1083: Cannot open include file: 'FreeRTOS.h': No such file or directory
         FreeRTOS_Stream_Buffer.c
     1>..\..\Source\FreeRTOS-Plus-TCP\FreeRTOS_Stream_Buffer.c(62): fatal error C1083: Cannot open include file: 'FreeRTOS.h': No such file or directory
         FreeRTOS_TCP_IP.c
     1>..\..\Source\FreeRTOS-Plus-TCP\FreeRTOS_TCP_IP.c(73): fatal error C1083: Cannot open include file: 'FreeRTOS.h': No such file or directory
         FreeRTOS_TCP_WIN.c
     1>..\..\Source\FreeRTOS-Plus-TCP\FreeRTOS_TCP_WIN.c(72): fatal error C1083: Cannot open include file: 'FreeRTOS.h': No such file or directory
         FreeRTOS_UDP_IP.c
     1>..\..\Source\FreeRTOS-Plus-TCP\FreeRTOS_UDP_IP.c(63): fatal error C1083: Cannot open include file: 'FreeRTOS.h': No such file or directory
         BufferAllocation_2.c
     1>..\..\Source\FreeRTOS-Plus-TCP\portable\BufferManagement\BufferAllocation_2.c(75): fatal error C1083: Cannot open include file: 'FreeRTOS.h': No such file or directory
         NetworkInterface.c
     1>..\..\Source\FreeRTOS-Plus-TCP\portable\NetworkInterface\WinPCap\NetworkInterface.c(60): fatal error C1083: Cannot open include file: 'pcap.h': No such file or directory
         FreeRTOS_TCP_server.c
     1>..\..\Source\FreeRTOS-Plus-TCP\protocols\Common\FreeRTOS_TCP_server.c(65): fatal error C1083: Cannot open include file: 'FreeRTOS.h': No such file or directory
         FreeRTOS_FTP_commands.c
     1>..\..\Source\FreeRTOS-Plus-TCP\protocols\FTP\FreeRTOS_FTP_commands.c(59): fatal error C1083: Cannot open include file: 'FreeRTOS.h': No such file or directory
         FreeRTOS_FTP_server.c
     1>..\..\Source\FreeRTOS-Plus-TCP\protocols\FTP\FreeRTOS_FTP_server.c(65): fatal error C1083: Cannot open include file: 'FreeRTOS.h': No such file or directory
         FreeRTOS_HTTP_commands.c
     1>..\..\Source\FreeRTOS-Plus-TCP\protocols\HTTP\FreeRTOS_HTTP_commands.c(64): fatal error C1083: Cannot open include file: 'FreeRTOS.h': No such file or directory
         FreeRTOS_HTTP_server.c
     1>..\..\Source\FreeRTOS-Plus-TCP\protocols\HTTP\FreeRTOS_HTTP_server.c(63): fatal error C1083: Cannot open include file: 'FreeRTOS.h': No such file or directory
         File-related-CLI-commands.c
     1>..\Common\FreeRTOS_Plus_CLI_Demos\File-related-CLI-commands.c(71): fatal error C1083: Cannot open include file: 'FreeRTOS.h': No such file or directory
         TCPCommandConsole.c
     1>..\Common\FreeRTOS_Plus_CLI_Demos\TCPCommandConsole.c(76): warning C4067: unexpected tokens following preprocessor directive - expected a newline
     1>..\Common\FreeRTOS_Plus_CLI_Demos\TCPCommandConsole.c(76): fatal error C1083: Cannot open include file: 'FreeRTOS.h': No such file or directory
         Generating Code...
         Compiling...
         UDPCommandConsole.c
     1>..\Common\FreeRTOS_Plus_CLI_Demos\UDPCommandConsole.c(76): fatal error C1083: Cannot open include file: 'FreeRTOS.h': No such file or directory
         CreateAndVerifyExampleFiles.c
     1>..\Common\FreeRTOS_Plus_FAT_Demos\CreateAndVerifyExampleFiles.c(77): fatal error C1083: Cannot open include file: 'ff_headers.h': No such file or directory
         ff_stdio_tests_with_cwd.c
     1>..\Common\FreeRTOS_Plus_FAT_Demos\test\ff_stdio_tests_with_cwd.c(75): fatal error C1083: Cannot open include file: 'FreeRTOS.h': No such file or directory
         TFTPServer.c
     1>..\Common\FreeRTOS_Plus_TCP_Demos\TFTPServer.c(82): fatal error C1083: Cannot open include file: 'FreeRTOS.h': No such file or directory
         CLI-commands.c
     1>CLI-commands.c(76): fatal error C1083: Cannot open include file: 'FreeRTOS.h': No such file or directory
         TCPEchoClient_SeparateTasks.c
     1>DemoTasks\TCPEchoClient_SeparateTasks.c(87): fatal error C1083: Cannot open include file: 'FreeRTOS.h': No such file or directory
         TCPEchoClient_SingleTasks.c
     1>DemoTasks\TCPEchoClient_SingleTasks.c(88): fatal error C1083: Cannot open include file: 'FreeRTOS.h': No such file or directory
         TwoUDPEchoClients.c
     1>DemoTasks\TwoUDPEchoClients.c(93): fatal error C1083: Cannot open include file: 'FreeRTOS.h': No such file or directory
         UDPSelectServer.c
     1>DemoTasks\UDPSelectServer.c(87): fatal error C1083: Cannot open include file: 'FreeRTOS.h': No such file or directory
         SimpleUDPClientAndServer.c
     1>DemoTasks\SimpleUDPClientAndServer.c(85): fatal error C1083: Cannot open include file: 'FreeRTOS.h': No such file or directory
         SimpleTCPEchoServer.c
     1>C:\Program Files (x86)\Windows Kits\8.1\Include\um\WinSock2.h(17): warning C4005: '_WINSOCKAPI_': macro redefinition
         C:\Program Files (x86)\Windows Kits\8.1\Include\um\WinSock2.h(17): note: command-line arguments:  see previous definition of '_WINSOCKAPI_'
     1>DemoTasks\SimpleTCPEchoServer.c(89): fatal error C1083: Cannot open include file: 'FreeRTOS.h': No such file or directory
         demo_logging.c
     1>demo_logging.c(88): fatal error C1083: Cannot open include file: 'FreeRTOS.h': No such file or directory
         main.c
     1>main.c(83): fatal error C1083: Cannot open include file: 'FreeRTOS.h': No such file or directory
         Run-time-stats-utils.c
     1>Run-time-stats-utils.c(83): fatal error C1083: Cannot open include file: 'FreeRTOS.h': No such file or directory
         DemoIPTrace.c
     1>TraceMacros\Example1\DemoIPTrace.c(100): fatal error C1083: Cannot open include file: 'FreeRTOS.h': No such file or directory
         Generating Code...
     1>Done Building Project "C:\Users\Simon\Downloads\FreeRTOS_v9.0.1\160919_FreeRTOS_Labs\FreeRTOS-Plus\Demo\FreeRTOS_Plus_TCP_and_FAT_Windows_Simulator\WIN32.vcxproj" (Build target(s)) -- FAILED.

Build FAILED.

Time Elapsed 00:00:02.00
